<?xml version="1.0" encoding="UTF-8"?>
<!-- Generated by org.testng.reporters.JUnitXMLReporter -->
<testsuite ignored="0" hostname="DESKTOP-EBO940N" failures="0" tests="3" name="Test" time="13.362" errors="0" timestamp="2025-02-26T11:43:35 IST">
  <testcase classname="com.testCases.Test_Amazon" name="HomePage" time="0.604"/>
  <testcase classname="com.testCases.Test_Amazon" name="SearchPage" time="0.467"/>
  <testcase classname="com.testCases.Test_Amazon" name="addToCart" time="12.205"/>
</testsuite> <!-- Test -->
