<?xml version="1.0" encoding="UTF-8"?>
<testng-results ignored="0" total="3" passed="3" failed="0" skipped="0">
  <reporter-output>
  </reporter-output>
  <suite started-at="2025-02-26T11:43:22 IST" name="Suite" finished-at="2025-02-26T11:43:35 IST" duration-ms="13362">
    <groups>
    </groups>
    <test started-at="2025-02-26T11:43:22 IST" name="Test" finished-at="2025-02-26T11:43:35 IST" duration-ms="13362">
      <class name="com.testCases.Test_Amazon">
        <test-method is-config="true" signature="launchwebsite()[pri:0, instance:com.testCases.Test_Amazon@5542c4ed]" started-at="2025-02-26T11:43:18 IST" name="launchwebsite" finished-at="2025-02-26T11:43:22 IST" duration-ms="3809" status="PASS">
          <reporter-output>
          </reporter-output>
        </test-method> <!-- launchwebsite -->
        <test-method signature="HomePage()[pri:0, instance:com.testCases.Test_Amazon@5542c4ed]" started-at="2025-02-26T11:43:22 IST" name="HomePage" finished-at="2025-02-26T11:43:23 IST" duration-ms="604" status="PASS">
          <reporter-output>
          </reporter-output>
        </test-method> <!-- HomePage -->
        <test-method signature="SearchPage(java.lang.String)[pri:1, instance:com.testCases.Test_Amazon@5542c4ed]" started-at="2025-02-26T11:43:23 IST" name="SearchPage" finished-at="2025-02-26T11:43:23 IST" duration-ms="467" status="PASS">
          <params>
            <param index="0">
              <value>
                <![CDATA[Samsung Galaxy S25 5G AI]]>
              </value>
            </param>
          </params>
          <reporter-output>
          </reporter-output>
        </test-method> <!-- SearchPage -->
        <test-method signature="addToCart(java.lang.String)[pri:2, instance:com.testCases.Test_Amazon@5542c4ed]" started-at="2025-02-26T11:43:23 IST" name="addToCart" finished-at="2025-02-26T11:43:35 IST" duration-ms="12205" status="PASS">
          <params>
            <param index="0">
              <value>
                <![CDATA[Samsung Galaxy S25 5G AI]]>
              </value>
            </param>
          </params>
          <reporter-output>
          </reporter-output>
        </test-method> <!-- addToCart -->
        <test-method is-config="true" signature="CloseChrome()[pri:0, instance:com.testCases.Test_Amazon@5542c4ed]" started-at="2025-02-26T11:43:36 IST" name="CloseChrome" finished-at="2025-02-26T11:43:36 IST" duration-ms="232" status="PASS">
          <reporter-output>
          </reporter-output>
        </test-method> <!-- CloseChrome -->
      </class> <!-- com.testCases.Test_Amazon -->
    </test> <!-- Test -->
  </suite> <!-- Suite -->
</testng-results>
